<?xml version="1.0" encoding="UTF-8"?>
<!-- Generated by org.testng.reporters.JUnitXMLReporter -->
<testsuite ignored="0" hostname="Sabby-Laps" failures="0" tests="4" name="Test" time="0.124" errors="0" timestamp="2023-07-13T10:53:16 IST">
  <testcase classname="executePageClasses.BaseClass" name="@BeforeMethod beforeMethod" time="-1.689225795793E9">
    <failure type="org.testng.TestNGException" message="
Parameter &amp;apos;Browser&amp;apos; is required by BeforeMethod on method beforeMethod but has not been marked @Optional or defined
in C:\Users\sabit\eclipse-workspace\com.RainbowSuperStore\debugTest.xml">
      <![CDATA[org.testng.TestNGException: 
Parameter 'Browser' is required by BeforeMethod on method beforeMethod but has not been marked @Optional or defined
in C:\Users\sabit\eclipse-workspace\com.RainbowSuperStore\debugTest.xml
at java.base/java.util.ArrayList.forEach(ArrayList.java:1540)
... Removed 28 stack frames]]>
    </failure>
  </testcase> <!-- @BeforeMethod beforeMethod -->
  <testcase classname="executePageClasses.BaseClass" name="@AfterMethod afterMethod" time="0.0">
    <skipped/>
  </testcase> <!-- @AfterMethod afterMethod -->
  <testcase classname="executePageClasses.BaseClass" name="@BeforeMethod beforeMethod" time="0.0">
    <skipped/>
  </testcase> <!-- @BeforeMethod beforeMethod -->
  <testcase classname="executePageClasses.BaseClass" name="@AfterMethod afterMethod" time="0.0">
    <skipped/>
  </testcase> <!-- @AfterMethod afterMethod -->
  <testcase classname="executePageClasses.BaseClass" name="@BeforeMethod beforeMethod" time="0.0">
    <skipped/>
  </testcase> <!-- @BeforeMethod beforeMethod -->
  <testcase classname="executePageClasses.BaseClass" name="@AfterMethod afterMethod" time="0.0">
    <skipped/>
  </testcase> <!-- @AfterMethod afterMethod -->
  <testcase classname="executePageClasses.BaseClass" name="@BeforeMethod beforeMethod" time="0.0">
    <skipped/>
  </testcase> <!-- @BeforeMethod beforeMethod -->
  <testcase classname="executePageClasses.BaseClass" name="@AfterMethod afterMethod" time="0.0">
    <skipped/>
  </testcase> <!-- @AfterMethod afterMethod -->
  <testcase classname="executePageClasses.ExpenseCategoryPageTestClass" name="verifyExpensecategoryPageIsDisplayedOrNot" time="0.001">
    <skipped/>
  </testcase> <!-- verifyExpensecategoryPageIsDisplayedOrNot -->
  <testcase classname="executePageClasses.ExpenseCategoryPageTestClass" name="verifyToCreateNewExpenseinExpensecategoryPage" time="0.0">
    <skipped/>
  </testcase> <!-- verifyToCreateNewExpenseinExpensecategoryPage -->
  <testcase classname="executePageClasses.ExpenseCategoryPageTestClass" name="verifyToSearchCreatedExpenseinExpensecategoryPage" time="0.0">
    <skipped/>
  </testcase> <!-- verifyToSearchCreatedExpenseinExpensecategoryPage -->
  <testcase classname="executePageClasses.ExpenseCategoryPageTestClass" name="verifyToDeleteCreatedExpenseinExpensecategoryPage" time="0.001">
    <skipped/>
  </testcase> <!-- verifyToDeleteCreatedExpenseinExpensecategoryPage -->
</testsuite> <!-- Test -->
